2021-03-01 17:32:30.689 DEBUG 9708 --- [main] org.hibernate.SQL                        : create table persona (id bigint not null, cognome varchar(255), data_nascita date, nome varchar(255), primary key (id)) engine=InnoDB
2021-03-01 17:32:31.154  WARN 9708 --- [main] JpaBaseConfiguration$JpaWebConfiguration : spring.jpa.open-in-view is enabled by default. Therefore, database queries may be performed during view rendering. Explicitly configure spring.jpa.open-in-view to disable this warning
2021-03-01 17:33:18.980  WARN 16412 --- [main] JpaBaseConfiguration$JpaWebConfiguration : spring.jpa.open-in-view is enabled by default. Therefore, database queries may be performed during view rendering. Explicitly configure spring.jpa.open-in-view to disable this warning
2021-03-01 17:33:56.932  WARN 23536 --- [main] JpaBaseConfiguration$JpaWebConfiguration : spring.jpa.open-in-view is enabled by default. Therefore, database queries may be performed during view rendering. Explicitly configure spring.jpa.open-in-view to disable this warning
2021-03-01 17:34:38.924  WARN 11508 --- [main] JpaBaseConfiguration$JpaWebConfiguration : spring.jpa.open-in-view is enabled by default. Therefore, database queries may be performed during view rendering. Explicitly configure spring.jpa.open-in-view to disable this warning
2021-03-01 17:35:05.571 DEBUG 11508 --- [http-nio-8080-exec-2] org.hibernate.SQL                        : select persona0_.id as id1_0_, persona0_.cognome as cognome2_0_, persona0_.data_nascita as data_nas3_0_, persona0_.nome as nome4_0_ from persona persona0_
2021-03-01 17:36:06.731 DEBUG 18840 --- [main] org.hibernate.SQL                        : create table hibernate_sequence (next_val bigint) engine=InnoDB
2021-03-01 17:36:06.793 DEBUG 18840 --- [main] org.hibernate.SQL                        : insert into hibernate_sequence values ( 1 )
2021-03-01 17:36:06.872 DEBUG 18840 --- [main] org.hibernate.SQL                        : create table persona (id bigint not null, cognome varchar(255), data_nascita date, nome varchar(255), primary key (id)) engine=InnoDB
2021-03-01 17:36:07.327  WARN 18840 --- [main] JpaBaseConfiguration$JpaWebConfiguration : spring.jpa.open-in-view is enabled by default. Therefore, database queries may be performed during view rendering. Explicitly configure spring.jpa.open-in-view to disable this warning
2021-03-01 17:37:00.875 DEBUG 18840 --- [http-nio-8080-exec-4] org.hibernate.SQL                        : select persona0_.id as id1_0_, persona0_.cognome as cognome2_0_, persona0_.data_nascita as data_nas3_0_, persona0_.nome as nome4_0_ from persona persona0_
2021-03-01 17:39:05.990  WARN 23108 --- [main] JpaBaseConfiguration$JpaWebConfiguration : spring.jpa.open-in-view is enabled by default. Therefore, database queries may be performed during view rendering. Explicitly configure spring.jpa.open-in-view to disable this warning
2021-03-01 17:39:13.862 DEBUG 23108 --- [http-nio-8080-exec-2] org.hibernate.SQL                        : select persona0_.id as id1_0_, persona0_.cognome as cognome2_0_, persona0_.data_nascita as data_nas3_0_, persona0_.nome as nome4_0_ from persona persona0_
2021-03-01 17:39:13.889 DEBUG 23108 --- [http-nio-8080-exec-2] org.hibernate.SQL                        : select next_val as id_val from hibernate_sequence for update
2021-03-01 17:39:13.891 DEBUG 23108 --- [http-nio-8080-exec-2] org.hibernate.SQL                        : update hibernate_sequence set next_val= ? where next_val=?
2021-03-01 17:39:13.912 DEBUG 23108 --- [http-nio-8080-exec-2] org.hibernate.SQL                        : insert into persona (cognome, data_nascita, nome, id) values (?, ?, ?, ?)
2021-03-01 17:39:13.914 TRACE 23108 --- [http-nio-8080-exec-2] o.h.type.descriptor.sql.BasicBinder      : binding parameter [1] as [VARCHAR] - [Rossi]
2021-03-01 17:39:13.915 TRACE 23108 --- [http-nio-8080-exec-2] o.h.type.descriptor.sql.BasicBinder      : binding parameter [2] as [DATE] - [2021-03-01]
2021-03-01 17:39:13.917 TRACE 23108 --- [http-nio-8080-exec-2] o.h.type.descriptor.sql.BasicBinder      : binding parameter [3] as [VARCHAR] - [Mario]
2021-03-01 17:39:13.918 TRACE 23108 --- [http-nio-8080-exec-2] o.h.type.descriptor.sql.BasicBinder      : binding parameter [4] as [BIGINT] - [1]
2021-03-01 17:39:13.923 DEBUG 23108 --- [http-nio-8080-exec-2] org.hibernate.SQL                        : select next_val as id_val from hibernate_sequence for update
2021-03-01 17:39:13.924 DEBUG 23108 --- [http-nio-8080-exec-2] org.hibernate.SQL                        : update hibernate_sequence set next_val= ? where next_val=?
2021-03-01 17:39:13.928 DEBUG 23108 --- [http-nio-8080-exec-2] org.hibernate.SQL                        : insert into persona (cognome, data_nascita, nome, id) values (?, ?, ?, ?)
2021-03-01 17:39:13.928 TRACE 23108 --- [http-nio-8080-exec-2] o.h.type.descriptor.sql.BasicBinder      : binding parameter [1] as [VARCHAR] - [Bianchi]
2021-03-01 17:39:13.929 TRACE 23108 --- [http-nio-8080-exec-2] o.h.type.descriptor.sql.BasicBinder      : binding parameter [2] as [DATE] - [2011-03-01]
2021-03-01 17:39:13.929 TRACE 23108 --- [http-nio-8080-exec-2] o.h.type.descriptor.sql.BasicBinder      : binding parameter [3] as [VARCHAR] - [Antonio]
2021-03-01 17:39:13.929 TRACE 23108 --- [http-nio-8080-exec-2] o.h.type.descriptor.sql.BasicBinder      : binding parameter [4] as [BIGINT] - [2]
2021-03-01 17:41:16.367  WARN 1084 --- [main] JpaBaseConfiguration$JpaWebConfiguration : spring.jpa.open-in-view is enabled by default. Therefore, database queries may be performed during view rendering. Explicitly configure spring.jpa.open-in-view to disable this warning
2021-03-01 17:41:20.787 DEBUG 1084 --- [http-nio-8080-exec-2] org.hibernate.SQL                        : delete from persona
2021-03-01 17:41:20.817 DEBUG 1084 --- [http-nio-8080-exec-2] org.hibernate.SQL                        : select next_val as id_val from hibernate_sequence for update
2021-03-01 17:41:20.819 DEBUG 1084 --- [http-nio-8080-exec-2] org.hibernate.SQL                        : update hibernate_sequence set next_val= ? where next_val=?
2021-03-01 17:41:20.839 DEBUG 1084 --- [http-nio-8080-exec-2] org.hibernate.SQL                        : insert into persona (cognome, data_nascita, nome, id) values (?, ?, ?, ?)
2021-03-01 17:41:20.844 TRACE 1084 --- [http-nio-8080-exec-2] o.h.type.descriptor.sql.BasicBinder      : binding parameter [1] as [VARCHAR] - [Rossi]
2021-03-01 17:41:20.845 TRACE 1084 --- [http-nio-8080-exec-2] o.h.type.descriptor.sql.BasicBinder      : binding parameter [2] as [DATE] - [2021-03-01]
2021-03-01 17:41:20.848 TRACE 1084 --- [http-nio-8080-exec-2] o.h.type.descriptor.sql.BasicBinder      : binding parameter [3] as [VARCHAR] - [Mario]
2021-03-01 17:41:20.850 TRACE 1084 --- [http-nio-8080-exec-2] o.h.type.descriptor.sql.BasicBinder      : binding parameter [4] as [BIGINT] - [3]
2021-03-01 17:41:20.857 DEBUG 1084 --- [http-nio-8080-exec-2] org.hibernate.SQL                        : select next_val as id_val from hibernate_sequence for update
2021-03-01 17:41:20.859 DEBUG 1084 --- [http-nio-8080-exec-2] org.hibernate.SQL                        : update hibernate_sequence set next_val= ? where next_val=?
2021-03-01 17:41:20.864 DEBUG 1084 --- [http-nio-8080-exec-2] org.hibernate.SQL                        : insert into persona (cognome, data_nascita, nome, id) values (?, ?, ?, ?)
2021-03-01 17:41:20.864 TRACE 1084 --- [http-nio-8080-exec-2] o.h.type.descriptor.sql.BasicBinder      : binding parameter [1] as [VARCHAR] - [Bianchi]
2021-03-01 17:41:20.864 TRACE 1084 --- [http-nio-8080-exec-2] o.h.type.descriptor.sql.BasicBinder      : binding parameter [2] as [DATE] - [2011-03-01]
2021-03-01 17:41:20.865 TRACE 1084 --- [http-nio-8080-exec-2] o.h.type.descriptor.sql.BasicBinder      : binding parameter [3] as [VARCHAR] - [Antonio]
2021-03-01 17:41:20.865 TRACE 1084 --- [http-nio-8080-exec-2] o.h.type.descriptor.sql.BasicBinder      : binding parameter [4] as [BIGINT] - [4]
2021-03-01 17:44:10.209  WARN 6116 --- [main] JpaBaseConfiguration$JpaWebConfiguration : spring.jpa.open-in-view is enabled by default. Therefore, database queries may be performed during view rendering. Explicitly configure spring.jpa.open-in-view to disable this warning
2021-03-01 17:44:14.590 DEBUG 6116 --- [http-nio-8080-exec-2] org.hibernate.SQL                        : delete from persona
2021-03-01 17:44:14.621 DEBUG 6116 --- [http-nio-8080-exec-2] org.hibernate.SQL                        : select next_val as id_val from hibernate_sequence for update
2021-03-01 17:44:14.623 DEBUG 6116 --- [http-nio-8080-exec-2] org.hibernate.SQL                        : update hibernate_sequence set next_val= ? where next_val=?
2021-03-01 17:44:14.656 DEBUG 6116 --- [http-nio-8080-exec-2] org.hibernate.SQL                        : insert into persona (cognome, data_nascita, nome, id) values (?, ?, ?, ?)
2021-03-01 17:44:14.660 TRACE 6116 --- [http-nio-8080-exec-2] o.h.type.descriptor.sql.BasicBinder      : binding parameter [1] as [VARCHAR] - [Rossi]
2021-03-01 17:44:14.662 TRACE 6116 --- [http-nio-8080-exec-2] o.h.type.descriptor.sql.BasicBinder      : binding parameter [2] as [DATE] - [2021-03-01]
2021-03-01 17:44:14.666 TRACE 6116 --- [http-nio-8080-exec-2] o.h.type.descriptor.sql.BasicBinder      : binding parameter [3] as [VARCHAR] - [Mario]
2021-03-01 17:44:14.668 TRACE 6116 --- [http-nio-8080-exec-2] o.h.type.descriptor.sql.BasicBinder      : binding parameter [4] as [BIGINT] - [5]
2021-03-01 17:44:14.681 DEBUG 6116 --- [http-nio-8080-exec-2] org.hibernate.SQL                        : select next_val as id_val from hibernate_sequence for update
2021-03-01 17:44:14.683 DEBUG 6116 --- [http-nio-8080-exec-2] org.hibernate.SQL                        : update hibernate_sequence set next_val= ? where next_val=?
2021-03-01 17:44:14.690 DEBUG 6116 --- [http-nio-8080-exec-2] org.hibernate.SQL                        : insert into persona (cognome, data_nascita, nome, id) values (?, ?, ?, ?)
2021-03-01 17:44:14.692 TRACE 6116 --- [http-nio-8080-exec-2] o.h.type.descriptor.sql.BasicBinder      : binding parameter [1] as [VARCHAR] - [Bianchi]
2021-03-01 17:44:14.693 TRACE 6116 --- [http-nio-8080-exec-2] o.h.type.descriptor.sql.BasicBinder      : binding parameter [2] as [DATE] - [2011-03-01]
2021-03-01 17:44:14.694 TRACE 6116 --- [http-nio-8080-exec-2] o.h.type.descriptor.sql.BasicBinder      : binding parameter [3] as [VARCHAR] - [Antonio]
2021-03-01 17:44:14.695 TRACE 6116 --- [http-nio-8080-exec-2] o.h.type.descriptor.sql.BasicBinder      : binding parameter [4] as [BIGINT] - [6]
2021-03-01 17:44:14.790 DEBUG 6116 --- [http-nio-8080-exec-2] org.hibernate.SQL                        : select persona0_.id as id1_0_, persona0_.cognome as cognome2_0_, persona0_.data_nascita as data_nas3_0_, persona0_.nome as nome4_0_ from persona persona0_
2021-03-01 17:51:52.440  WARN 13012 --- [main] JpaBaseConfiguration$JpaWebConfiguration : spring.jpa.open-in-view is enabled by default. Therefore, database queries may be performed during view rendering. Explicitly configure spring.jpa.open-in-view to disable this warning
2021-03-01 17:52:10.166 DEBUG 13012 --- [http-nio-8080-exec-2] org.hibernate.SQL                        : delete from persona
2021-03-01 17:52:10.190 DEBUG 13012 --- [http-nio-8080-exec-2] org.hibernate.SQL                        : select next_val as id_val from hibernate_sequence for update
2021-03-01 17:52:10.192 DEBUG 13012 --- [http-nio-8080-exec-2] org.hibernate.SQL                        : update hibernate_sequence set next_val= ? where next_val=?
2021-03-01 17:52:10.217 DEBUG 13012 --- [http-nio-8080-exec-2] org.hibernate.SQL                        : insert into persona (cognome, data_nascita, nome, id) values (?, ?, ?, ?)
2021-03-01 17:52:10.219 TRACE 13012 --- [http-nio-8080-exec-2] o.h.type.descriptor.sql.BasicBinder      : binding parameter [1] as [VARCHAR] - [Rossi]
2021-03-01 17:52:10.220 TRACE 13012 --- [http-nio-8080-exec-2] o.h.type.descriptor.sql.BasicBinder      : binding parameter [2] as [DATE] - [2021-03-01]
2021-03-01 17:52:10.222 TRACE 13012 --- [http-nio-8080-exec-2] o.h.type.descriptor.sql.BasicBinder      : binding parameter [3] as [VARCHAR] - [Mario]
2021-03-01 17:52:10.222 TRACE 13012 --- [http-nio-8080-exec-2] o.h.type.descriptor.sql.BasicBinder      : binding parameter [4] as [BIGINT] - [7]
2021-03-01 17:52:10.229 DEBUG 13012 --- [http-nio-8080-exec-2] org.hibernate.SQL                        : select next_val as id_val from hibernate_sequence for update
2021-03-01 17:52:10.230 DEBUG 13012 --- [http-nio-8080-exec-2] org.hibernate.SQL                        : update hibernate_sequence set next_val= ? where next_val=?
2021-03-01 17:52:10.234 DEBUG 13012 --- [http-nio-8080-exec-2] org.hibernate.SQL                        : insert into persona (cognome, data_nascita, nome, id) values (?, ?, ?, ?)
2021-03-01 17:52:10.235 TRACE 13012 --- [http-nio-8080-exec-2] o.h.type.descriptor.sql.BasicBinder      : binding parameter [1] as [VARCHAR] - [Bianchi]
2021-03-01 17:52:10.236 TRACE 13012 --- [http-nio-8080-exec-2] o.h.type.descriptor.sql.BasicBinder      : binding parameter [2] as [DATE] - [2011-03-01]
2021-03-01 17:52:10.236 TRACE 13012 --- [http-nio-8080-exec-2] o.h.type.descriptor.sql.BasicBinder      : binding parameter [3] as [VARCHAR] - [Antonio]
2021-03-01 17:52:10.237 TRACE 13012 --- [http-nio-8080-exec-2] o.h.type.descriptor.sql.BasicBinder      : binding parameter [4] as [BIGINT] - [8]
2021-03-01 17:52:10.281 DEBUG 13012 --- [http-nio-8080-exec-2] org.hibernate.SQL                        : select persona0_.id as id1_0_, persona0_.cognome as cognome2_0_, persona0_.data_nascita as data_nas3_0_, persona0_.nome as nome4_0_ from persona persona0_
2021-03-01 17:53:36.883  WARN 7636 --- [main] JpaBaseConfiguration$JpaWebConfiguration : spring.jpa.open-in-view is enabled by default. Therefore, database queries may be performed during view rendering. Explicitly configure spring.jpa.open-in-view to disable this warning
2021-03-01 17:53:45.586 DEBUG 7636 --- [http-nio-8080-exec-2] org.hibernate.SQL                        : delete from persona
2021-03-01 17:53:45.613 DEBUG 7636 --- [http-nio-8080-exec-2] org.hibernate.SQL                        : select next_val as id_val from hibernate_sequence for update
2021-03-01 17:53:45.616 DEBUG 7636 --- [http-nio-8080-exec-2] org.hibernate.SQL                        : update hibernate_sequence set next_val= ? where next_val=?
2021-03-01 17:53:45.638 DEBUG 7636 --- [http-nio-8080-exec-2] org.hibernate.SQL                        : insert into persona (cognome, data_nascita, nome, id) values (?, ?, ?, ?)
2021-03-01 17:53:45.641 TRACE 7636 --- [http-nio-8080-exec-2] o.h.type.descriptor.sql.BasicBinder      : binding parameter [1] as [VARCHAR] - [Rossi]
2021-03-01 17:53:45.642 TRACE 7636 --- [http-nio-8080-exec-2] o.h.type.descriptor.sql.BasicBinder      : binding parameter [2] as [DATE] - [2021-03-01]
2021-03-01 17:53:45.644 TRACE 7636 --- [http-nio-8080-exec-2] o.h.type.descriptor.sql.BasicBinder      : binding parameter [3] as [VARCHAR] - [Mario]
2021-03-01 17:53:45.645 TRACE 7636 --- [http-nio-8080-exec-2] o.h.type.descriptor.sql.BasicBinder      : binding parameter [4] as [BIGINT] - [9]
2021-03-01 17:53:45.654 DEBUG 7636 --- [http-nio-8080-exec-2] org.hibernate.SQL                        : select next_val as id_val from hibernate_sequence for update
2021-03-01 17:53:45.655 DEBUG 7636 --- [http-nio-8080-exec-2] org.hibernate.SQL                        : update hibernate_sequence set next_val= ? where next_val=?
2021-03-01 17:53:45.660 DEBUG 7636 --- [http-nio-8080-exec-2] org.hibernate.SQL                        : insert into persona (cognome, data_nascita, nome, id) values (?, ?, ?, ?)
2021-03-01 17:53:45.661 TRACE 7636 --- [http-nio-8080-exec-2] o.h.type.descriptor.sql.BasicBinder      : binding parameter [1] as [VARCHAR] - [Bianchi]
2021-03-01 17:53:45.661 TRACE 7636 --- [http-nio-8080-exec-2] o.h.type.descriptor.sql.BasicBinder      : binding parameter [2] as [DATE] - [2011-03-01]
2021-03-01 17:53:45.661 TRACE 7636 --- [http-nio-8080-exec-2] o.h.type.descriptor.sql.BasicBinder      : binding parameter [3] as [VARCHAR] - [Antonio]
2021-03-01 17:53:45.661 TRACE 7636 --- [http-nio-8080-exec-2] o.h.type.descriptor.sql.BasicBinder      : binding parameter [4] as [BIGINT] - [10]
2021-03-01 17:53:45.667 DEBUG 7636 --- [http-nio-8080-exec-2] org.hibernate.SQL                        : select next_val as id_val from hibernate_sequence for update
2021-03-01 17:53:45.669 DEBUG 7636 --- [http-nio-8080-exec-2] org.hibernate.SQL                        : update hibernate_sequence set next_val= ? where next_val=?
2021-03-01 17:53:45.674 DEBUG 7636 --- [http-nio-8080-exec-2] org.hibernate.SQL                        : insert into persona (cognome, data_nascita, nome, id) values (?, ?, ?, ?)
2021-03-01 17:53:45.674 TRACE 7636 --- [http-nio-8080-exec-2] o.h.type.descriptor.sql.BasicBinder      : binding parameter [1] as [VARCHAR] - [Verdi]
2021-03-01 17:53:45.675 TRACE 7636 --- [http-nio-8080-exec-2] o.h.type.descriptor.sql.BasicBinder      : binding parameter [2] as [DATE] - [2001-03-01]
2021-03-01 17:53:45.675 TRACE 7636 --- [http-nio-8080-exec-2] o.h.type.descriptor.sql.BasicBinder      : binding parameter [3] as [VARCHAR] - [Elisabetta]
2021-03-01 17:53:45.675 TRACE 7636 --- [http-nio-8080-exec-2] o.h.type.descriptor.sql.BasicBinder      : binding parameter [4] as [BIGINT] - [11]
2021-03-01 17:53:45.712 DEBUG 7636 --- [http-nio-8080-exec-2] org.hibernate.SQL                        : select persona0_.id as id1_0_, persona0_.cognome as cognome2_0_, persona0_.data_nascita as data_nas3_0_, persona0_.nome as nome4_0_ from persona persona0_
2021-03-02 15:54:49.961 DEBUG 14776 --- [main] org.hibernate.SQL                        : create table hibernate_sequence (next_val bigint) engine=InnoDB
2021-03-02 15:54:50.044 DEBUG 14776 --- [main] org.hibernate.SQL                        : insert into hibernate_sequence values ( 1 )
2021-03-02 15:54:50.056 DEBUG 14776 --- [main] org.hibernate.SQL                        : create table persona (id bigint not null, cognome varchar(255), data_nascita date, nome varchar(255), primary key (id)) engine=InnoDB
2021-03-02 15:54:51.752  WARN 14776 --- [main] JpaBaseConfiguration$JpaWebConfiguration : spring.jpa.open-in-view is enabled by default. Therefore, database queries may be performed during view rendering. Explicitly configure spring.jpa.open-in-view to disable this warning
2021-03-02 17:03:09.054 DEBUG 21680 --- [main] org.hibernate.SQL                        : create table prodotto (nome varchar(255) not null, primary key (nome)) engine=InnoDB
2021-03-02 17:03:09.863  WARN 21680 --- [main] JpaBaseConfiguration$JpaWebConfiguration : spring.jpa.open-in-view is enabled by default. Therefore, database queries may be performed during view rendering. Explicitly configure spring.jpa.open-in-view to disable this warning
2021-03-02 17:45:16.378 DEBUG 13144 --- [main] org.hibernate.SQL                        : create table prodotto (nome varchar(255) not null, primary key (nome)) engine=InnoDB
2021-03-02 17:45:16.711  WARN 13144 --- [main] JpaBaseConfiguration$JpaWebConfiguration : spring.jpa.open-in-view is enabled by default. Therefore, database queries may be performed during view rendering. Explicitly configure spring.jpa.open-in-view to disable this warning
2021-03-03 12:33:20.202 DEBUG 13996 --- [main] org.hibernate.SQL                        : create table hibernate_sequence (next_val bigint) engine=InnoDB
2021-03-03 12:33:20.341 DEBUG 13996 --- [main] org.hibernate.SQL                        : insert into hibernate_sequence values ( 1 )
2021-03-03 12:33:20.361 DEBUG 13996 --- [main] org.hibernate.SQL                        : create table persona (id bigint not null, cognome varchar(255), data_nascita date, nome varchar(255), primary key (id)) engine=InnoDB
2021-03-03 12:33:20.478 DEBUG 13996 --- [main] org.hibernate.SQL                        : create table prodotto (nome varchar(255) not null, primary key (nome)) engine=InnoDB
2021-03-03 12:33:21.607  WARN 13996 --- [main] JpaBaseConfiguration$JpaWebConfiguration : spring.jpa.open-in-view is enabled by default. Therefore, database queries may be performed during view rendering. Explicitly configure spring.jpa.open-in-view to disable this warning
2021-03-03 12:50:01.409  WARN 22660 --- [main] JpaBaseConfiguration$JpaWebConfiguration : spring.jpa.open-in-view is enabled by default. Therefore, database queries may be performed during view rendering. Explicitly configure spring.jpa.open-in-view to disable this warning
2021-03-03 13:05:50.422  WARN 22660 --- [http-nio-8080-exec-6] .w.s.m.s.DefaultHandlerExceptionResolver : Resolved [org.springframework.http.converter.HttpMessageNotReadableException: JSON parse error: Cannot construct instance of `it.iad.jpademo.model.Prodotto` (although at least one Creator exists): cannot deserialize from Object value (no delegate- or property-based Creator); nested exception is com.fasterxml.jackson.databind.exc.MismatchedInputException: Cannot construct instance of `it.iad.jpademo.model.Prodotto` (although at least one Creator exists): cannot deserialize from Object value (no delegate- or property-based Creator)
 at [Source: (PushbackInputStream); line: 1, column: 14] (through reference chain: it.iad.jpademo.dto.ProdottoDto["prodotto"])]
2021-03-03 13:06:26.192  WARN 22660 --- [http-nio-8080-exec-7] .w.s.m.s.DefaultHandlerExceptionResolver : Resolved [org.springframework.http.converter.HttpMessageNotReadableException: Required request body is missing: public void it.iad.jpademo.controller.DemoController.aggiungi(it.iad.jpademo.dto.ProdottoDto)]
2021-03-03 13:11:32.852  WARN 22660 --- [http-nio-8080-exec-9] .w.s.m.s.DefaultHandlerExceptionResolver : Resolved [org.springframework.http.converter.HttpMessageNotReadableException: JSON parse error: Cannot construct instance of `it.iad.jpademo.model.Prodotto` (although at least one Creator exists): cannot deserialize from Object value (no delegate- or property-based Creator); nested exception is com.fasterxml.jackson.databind.exc.MismatchedInputException: Cannot construct instance of `it.iad.jpademo.model.Prodotto` (although at least one Creator exists): cannot deserialize from Object value (no delegate- or property-based Creator)
 at [Source: (PushbackInputStream); line: 1, column: 14] (through reference chain: it.iad.jpademo.dto.ProdottoDto["prodotto"])]
2021-03-03 13:11:35.146  WARN 22660 --- [http-nio-8080-exec-10] .w.s.m.s.DefaultHandlerExceptionResolver : Resolved [org.springframework.http.converter.HttpMessageNotReadableException: Required request body is missing: public void it.iad.jpademo.controller.DemoController.aggiungi(it.iad.jpademo.dto.ProdottoDto)]
2021-03-03 13:12:33.038  WARN 22660 --- [http-nio-8080-exec-3] .w.s.m.s.DefaultHandlerExceptionResolver : Resolved [org.springframework.http.converter.HttpMessageNotReadableException: Required request body is missing: public void it.iad.jpademo.controller.DemoController.aggiungi(it.iad.jpademo.dto.ProdottoDto)]
2021-03-03 13:13:41.564  WARN 22660 --- [http-nio-8080-exec-4] .w.s.m.s.DefaultHandlerExceptionResolver : Resolved [org.springframework.http.converter.HttpMessageNotReadableException: JSON parse error: Cannot construct instance of `it.iad.jpademo.model.Prodotto` (although at least one Creator exists): cannot deserialize from Object value (no delegate- or property-based Creator); nested exception is com.fasterxml.jackson.databind.exc.MismatchedInputException: Cannot construct instance of `it.iad.jpademo.model.Prodotto` (although at least one Creator exists): cannot deserialize from Object value (no delegate- or property-based Creator)
 at [Source: (PushbackInputStream); line: 1, column: 14] (through reference chain: it.iad.jpademo.dto.ProdottoDto["prodotto"])]
2021-03-03 13:15:16.653  WARN 22660 --- [http-nio-8080-exec-2] .w.s.m.s.DefaultHandlerExceptionResolver : Resolved [org.springframework.http.converter.HttpMessageNotReadableException: JSON parse error: Cannot construct instance of `it.iad.jpademo.model.Prodotto` (although at least one Creator exists): cannot deserialize from Object value (no delegate- or property-based Creator); nested exception is com.fasterxml.jackson.databind.exc.MismatchedInputException: Cannot construct instance of `it.iad.jpademo.model.Prodotto` (although at least one Creator exists): cannot deserialize from Object value (no delegate- or property-based Creator)
 at [Source: (PushbackInputStream); line: 1, column: 14] (through reference chain: it.iad.jpademo.dto.ProdottoDto["prodotto"])]
2021-03-03 13:15:38.249  WARN 22660 --- [http-nio-8080-exec-5] .w.s.m.s.DefaultHandlerExceptionResolver : Resolved [org.springframework.http.converter.HttpMessageNotReadableException: JSON parse error: Cannot construct instance of `it.iad.jpademo.model.Prodotto` (although at least one Creator exists): cannot deserialize from Object value (no delegate- or property-based Creator); nested exception is com.fasterxml.jackson.databind.exc.MismatchedInputException: Cannot construct instance of `it.iad.jpademo.model.Prodotto` (although at least one Creator exists): cannot deserialize from Object value (no delegate- or property-based Creator)
 at [Source: (PushbackInputStream); line: 1, column: 14] (through reference chain: it.iad.jpademo.dto.ProdottoDto["prodotto"])]
2021-03-03 13:47:25.381  WARN 6628 --- [main] JpaBaseConfiguration$JpaWebConfiguration : spring.jpa.open-in-view is enabled by default. Therefore, database queries may be performed during view rendering. Explicitly configure spring.jpa.open-in-view to disable this warning
2021-03-03 13:48:22.142  WARN 6628 --- [http-nio-8080-exec-3] .w.s.m.s.DefaultHandlerExceptionResolver : Resolved [org.springframework.http.converter.HttpMessageNotReadableException: JSON parse error: Cannot construct instance of `it.iad.jpademo.model.Prodotto` (although at least one Creator exists): cannot deserialize from Object value (no delegate- or property-based Creator); nested exception is com.fasterxml.jackson.databind.exc.MismatchedInputException: Cannot construct instance of `it.iad.jpademo.model.Prodotto` (although at least one Creator exists): cannot deserialize from Object value (no delegate- or property-based Creator)
 at [Source: (PushbackInputStream); line: 1, column: 14] (through reference chain: it.iad.jpademo.dto.ProdottoDto["prodotto"])]
2021-03-03 13:52:20.162  WARN 7328 --- [main] JpaBaseConfiguration$JpaWebConfiguration : spring.jpa.open-in-view is enabled by default. Therefore, database queries may be performed during view rendering. Explicitly configure spring.jpa.open-in-view to disable this warning
2021-03-03 13:52:55.210 DEBUG 7328 --- [http-nio-8080-exec-1] org.hibernate.SQL                        : select prodotto0_.nome as nome1_1_0_ from prodotto prodotto0_ where prodotto0_.nome=?
2021-03-03 13:52:55.214 TRACE 7328 --- [http-nio-8080-exec-1] o.h.type.descriptor.sql.BasicBinder      : binding parameter [1] as [VARCHAR] - [abc]
2021-03-03 13:52:55.246 DEBUG 7328 --- [http-nio-8080-exec-1] org.hibernate.SQL                        : insert into prodotto (nome) values (?)
2021-03-03 13:52:55.247 TRACE 7328 --- [http-nio-8080-exec-1] o.h.type.descriptor.sql.BasicBinder      : binding parameter [1] as [VARCHAR] - [abc]
2021-03-03 13:52:55.340 DEBUG 7328 --- [http-nio-8080-exec-1] org.hibernate.SQL                        : select prodotto0_.nome as nome1_1_ from prodotto prodotto0_
2021-03-03 13:52:56.580 DEBUG 7328 --- [http-nio-8080-exec-2] org.hibernate.SQL                        : select prodotto0_.nome as nome1_1_0_ from prodotto prodotto0_ where prodotto0_.nome=?
2021-03-03 13:52:56.581 TRACE 7328 --- [http-nio-8080-exec-2] o.h.type.descriptor.sql.BasicBinder      : binding parameter [1] as [VARCHAR] - [abc]
2021-03-03 13:52:56.591 DEBUG 7328 --- [http-nio-8080-exec-2] org.hibernate.SQL                        : select prodotto0_.nome as nome1_1_ from prodotto prodotto0_
2021-03-03 13:53:11.878 DEBUG 7328 --- [http-nio-8080-exec-3] org.hibernate.SQL                        : select prodotto0_.nome as nome1_1_0_ from prodotto prodotto0_ where prodotto0_.nome=?
2021-03-03 13:53:11.879 TRACE 7328 --- [http-nio-8080-exec-3] o.h.type.descriptor.sql.BasicBinder      : binding parameter [1] as [VARCHAR] - [qwe]
2021-03-03 13:53:11.880 DEBUG 7328 --- [http-nio-8080-exec-3] org.hibernate.SQL                        : insert into prodotto (nome) values (?)
2021-03-03 13:53:11.881 TRACE 7328 --- [http-nio-8080-exec-3] o.h.type.descriptor.sql.BasicBinder      : binding parameter [1] as [VARCHAR] - [qwe]
2021-03-03 13:53:11.889 DEBUG 7328 --- [http-nio-8080-exec-3] org.hibernate.SQL                        : select prodotto0_.nome as nome1_1_ from prodotto prodotto0_
2021-03-03 13:53:12.856 DEBUG 7328 --- [http-nio-8080-exec-4] org.hibernate.SQL                        : delete from prodotto
2021-03-03 13:53:12.865 DEBUG 7328 --- [http-nio-8080-exec-4] org.hibernate.SQL                        : select prodotto0_.nome as nome1_1_ from prodotto prodotto0_
2021-03-03 13:53:42.603 DEBUG 7328 --- [http-nio-8080-exec-8] org.hibernate.SQL                        : select prodotto0_.nome as nome1_1_0_ from prodotto prodotto0_ where prodotto0_.nome=?
2021-03-03 13:53:42.603 TRACE 7328 --- [http-nio-8080-exec-8] o.h.type.descriptor.sql.BasicBinder      : binding parameter [1] as [VARCHAR] - [palle]
2021-03-03 13:53:42.605 DEBUG 7328 --- [http-nio-8080-exec-8] org.hibernate.SQL                        : insert into prodotto (nome) values (?)
2021-03-03 13:53:42.605 TRACE 7328 --- [http-nio-8080-exec-8] o.h.type.descriptor.sql.BasicBinder      : binding parameter [1] as [VARCHAR] - [palle]
2021-03-03 13:53:42.611 DEBUG 7328 --- [http-nio-8080-exec-8] org.hibernate.SQL                        : select prodotto0_.nome as nome1_1_ from prodotto prodotto0_
2021-03-03 13:53:48.369 DEBUG 7328 --- [http-nio-8080-exec-7] org.hibernate.SQL                        : select prodotto0_.nome as nome1_1_0_ from prodotto prodotto0_ where prodotto0_.nome=?
2021-03-03 13:53:48.370 TRACE 7328 --- [http-nio-8080-exec-7] o.h.type.descriptor.sql.BasicBinder      : binding parameter [1] as [VARCHAR] - [cazzo]
2021-03-03 13:53:48.371 DEBUG 7328 --- [http-nio-8080-exec-7] org.hibernate.SQL                        : insert into prodotto (nome) values (?)
2021-03-03 13:53:48.372 TRACE 7328 --- [http-nio-8080-exec-7] o.h.type.descriptor.sql.BasicBinder      : binding parameter [1] as [VARCHAR] - [cazzo]
2021-03-03 13:53:48.379 DEBUG 7328 --- [http-nio-8080-exec-7] org.hibernate.SQL                        : select prodotto0_.nome as nome1_1_ from prodotto prodotto0_
2021-03-03 13:53:50.152 DEBUG 7328 --- [http-nio-8080-exec-6] org.hibernate.SQL                        : delete from prodotto
2021-03-03 13:53:50.161 DEBUG 7328 --- [http-nio-8080-exec-6] org.hibernate.SQL                        : select prodotto0_.nome as nome1_1_ from prodotto prodotto0_
2021-03-03 13:54:38.531 DEBUG 7328 --- [http-nio-8080-exec-9] org.hibernate.SQL                        : select prodotto0_.nome as nome1_1_0_ from prodotto prodotto0_ where prodotto0_.nome=?
2021-03-03 13:54:38.532 TRACE 7328 --- [http-nio-8080-exec-9] o.h.type.descriptor.sql.BasicBinder      : binding parameter [1] as [VARCHAR] - [a]
2021-03-03 13:54:38.535 DEBUG 7328 --- [http-nio-8080-exec-9] org.hibernate.SQL                        : insert into prodotto (nome) values (?)
2021-03-03 13:54:38.536 TRACE 7328 --- [http-nio-8080-exec-9] o.h.type.descriptor.sql.BasicBinder      : binding parameter [1] as [VARCHAR] - [a]
2021-03-03 13:54:38.545 DEBUG 7328 --- [http-nio-8080-exec-9] org.hibernate.SQL                        : select prodotto0_.nome as nome1_1_ from prodotto prodotto0_
2021-03-03 13:54:40.598 DEBUG 7328 --- [http-nio-8080-exec-10] org.hibernate.SQL                        : select prodotto0_.nome as nome1_1_0_ from prodotto prodotto0_ where prodotto0_.nome=?
2021-03-03 13:54:40.598 TRACE 7328 --- [http-nio-8080-exec-10] o.h.type.descriptor.sql.BasicBinder      : binding parameter [1] as [VARCHAR] - [b]
2021-03-03 13:54:40.600 DEBUG 7328 --- [http-nio-8080-exec-10] org.hibernate.SQL                        : insert into prodotto (nome) values (?)
2021-03-03 13:54:40.601 TRACE 7328 --- [http-nio-8080-exec-10] o.h.type.descriptor.sql.BasicBinder      : binding parameter [1] as [VARCHAR] - [b]
2021-03-03 13:54:40.608 DEBUG 7328 --- [http-nio-8080-exec-10] org.hibernate.SQL                        : select prodotto0_.nome as nome1_1_ from prodotto prodotto0_
2021-03-03 13:54:43.251 DEBUG 7328 --- [http-nio-8080-exec-1] org.hibernate.SQL                        : delete from prodotto
2021-03-03 13:54:43.258 DEBUG 7328 --- [http-nio-8080-exec-1] org.hibernate.SQL                        : select prodotto0_.nome as nome1_1_ from prodotto prodotto0_
2021-03-03 13:54:44.891 DEBUG 7328 --- [http-nio-8080-exec-2] org.hibernate.SQL                        : select prodotto0_.nome as nome1_1_0_ from prodotto prodotto0_ where prodotto0_.nome=?
2021-03-03 13:54:44.892 TRACE 7328 --- [http-nio-8080-exec-2] o.h.type.descriptor.sql.BasicBinder      : binding parameter [1] as [VARCHAR] - [a]
2021-03-03 13:54:44.893 DEBUG 7328 --- [http-nio-8080-exec-2] org.hibernate.SQL                        : insert into prodotto (nome) values (?)
2021-03-03 13:54:44.893 TRACE 7328 --- [http-nio-8080-exec-2] o.h.type.descriptor.sql.BasicBinder      : binding parameter [1] as [VARCHAR] - [a]
2021-03-03 13:54:44.899 DEBUG 7328 --- [http-nio-8080-exec-2] org.hibernate.SQL                        : select prodotto0_.nome as nome1_1_ from prodotto prodotto0_
2021-03-03 13:54:46.546 DEBUG 7328 --- [http-nio-8080-exec-3] org.hibernate.SQL                        : select prodotto0_.nome as nome1_1_0_ from prodotto prodotto0_ where prodotto0_.nome=?
2021-03-03 13:54:46.547 TRACE 7328 --- [http-nio-8080-exec-3] o.h.type.descriptor.sql.BasicBinder      : binding parameter [1] as [VARCHAR] - [b]
2021-03-03 13:54:46.549 DEBUG 7328 --- [http-nio-8080-exec-3] org.hibernate.SQL                        : insert into prodotto (nome) values (?)
2021-03-03 13:54:46.549 TRACE 7328 --- [http-nio-8080-exec-3] o.h.type.descriptor.sql.BasicBinder      : binding parameter [1] as [VARCHAR] - [b]
2021-03-03 13:54:46.557 DEBUG 7328 --- [http-nio-8080-exec-3] org.hibernate.SQL                        : select prodotto0_.nome as nome1_1_ from prodotto prodotto0_
2021-03-03 13:54:52.513 DEBUG 7328 --- [http-nio-8080-exec-5] org.hibernate.SQL                        : delete from prodotto
2021-03-03 13:54:52.524 DEBUG 7328 --- [http-nio-8080-exec-5] org.hibernate.SQL                        : select prodotto0_.nome as nome1_1_ from prodotto prodotto0_
2021-03-03 13:55:03.378 DEBUG 7328 --- [http-nio-8080-exec-4] org.hibernate.SQL                        : select prodotto0_.nome as nome1_1_0_ from prodotto prodotto0_ where prodotto0_.nome=?
2021-03-03 13:55:03.379 TRACE 7328 --- [http-nio-8080-exec-4] o.h.type.descriptor.sql.BasicBinder      : binding parameter [1] as [VARCHAR] - [asdwqaw]
2021-03-03 13:55:03.380 DEBUG 7328 --- [http-nio-8080-exec-4] org.hibernate.SQL                        : insert into prodotto (nome) values (?)
2021-03-03 13:55:03.380 TRACE 7328 --- [http-nio-8080-exec-4] o.h.type.descriptor.sql.BasicBinder      : binding parameter [1] as [VARCHAR] - [asdwqaw]
2021-03-03 13:55:03.385 DEBUG 7328 --- [http-nio-8080-exec-4] org.hibernate.SQL                        : select prodotto0_.nome as nome1_1_ from prodotto prodotto0_
2021-03-03 13:55:04.891 DEBUG 7328 --- [http-nio-8080-exec-8] org.hibernate.SQL                        : delete from prodotto
2021-03-03 13:55:04.899 DEBUG 7328 --- [http-nio-8080-exec-8] org.hibernate.SQL                        : select prodotto0_.nome as nome1_1_ from prodotto prodotto0_
2021-03-03 13:59:58.649  WARN 9752 --- [main] JpaBaseConfiguration$JpaWebConfiguration : spring.jpa.open-in-view is enabled by default. Therefore, database queries may be performed during view rendering. Explicitly configure spring.jpa.open-in-view to disable this warning
2021-03-03 14:00:20.943 DEBUG 9752 --- [http-nio-8080-exec-1] org.hibernate.SQL                        : select prodotto0_.nome as nome1_1_ from prodotto prodotto0_
2021-03-03 14:00:24.980 DEBUG 9752 --- [http-nio-8080-exec-2] org.hibernate.SQL                        : select prodotto0_.nome as nome1_1_0_ from prodotto prodotto0_ where prodotto0_.nome=?
2021-03-03 14:00:24.982 TRACE 9752 --- [http-nio-8080-exec-2] o.h.type.descriptor.sql.BasicBinder      : binding parameter [1] as [VARCHAR] - [abc]
2021-03-03 14:00:24.994 DEBUG 9752 --- [http-nio-8080-exec-2] org.hibernate.SQL                        : insert into prodotto (nome) values (?)
2021-03-03 14:00:24.995 TRACE 9752 --- [http-nio-8080-exec-2] o.h.type.descriptor.sql.BasicBinder      : binding parameter [1] as [VARCHAR] - [abc]
2021-03-03 14:00:25.002 DEBUG 9752 --- [http-nio-8080-exec-2] org.hibernate.SQL                        : select prodotto0_.nome as nome1_1_ from prodotto prodotto0_
2021-03-03 14:00:28.410 DEBUG 9752 --- [http-nio-8080-exec-3] org.hibernate.SQL                        : select prodotto0_.nome as nome1_1_0_ from prodotto prodotto0_ where prodotto0_.nome=?
2021-03-03 14:00:28.410 TRACE 9752 --- [http-nio-8080-exec-3] o.h.type.descriptor.sql.BasicBinder      : binding parameter [1] as [VARCHAR] - [def]
2021-03-03 14:00:28.412 DEBUG 9752 --- [http-nio-8080-exec-3] org.hibernate.SQL                        : insert into prodotto (nome) values (?)
2021-03-03 14:00:28.413 TRACE 9752 --- [http-nio-8080-exec-3] o.h.type.descriptor.sql.BasicBinder      : binding parameter [1] as [VARCHAR] - [def]
2021-03-03 14:00:28.424 DEBUG 9752 --- [http-nio-8080-exec-3] org.hibernate.SQL                        : select prodotto0_.nome as nome1_1_ from prodotto prodotto0_
2021-03-03 14:00:57.991 DEBUG 9752 --- [http-nio-8080-exec-4] org.hibernate.SQL                        : select prodotto0_.nome as nome1_1_ from prodotto prodotto0_
2021-03-03 14:32:05.072  WARN 15664 --- [main] JpaBaseConfiguration$JpaWebConfiguration : spring.jpa.open-in-view is enabled by default. Therefore, database queries may be performed during view rendering. Explicitly configure spring.jpa.open-in-view to disable this warning
2021-03-03 17:03:40.250  WARN 15916 --- [main] JpaBaseConfiguration$JpaWebConfiguration : spring.jpa.open-in-view is enabled by default. Therefore, database queries may be performed during view rendering. Explicitly configure spring.jpa.open-in-view to disable this warning
2021-03-03 17:11:47.569 DEBUG 15916 --- [http-nio-8080-exec-1] org.hibernate.SQL                        : select prodotto0_.nome as nome1_1_ from prodotto prodotto0_
2021-03-03 17:12:00.885 DEBUG 15916 --- [http-nio-8080-exec-3] org.hibernate.SQL                        : select prodotto0_.nome as nome1_1_0_ from prodotto prodotto0_ where prodotto0_.nome=?
2021-03-03 17:12:00.904 TRACE 15916 --- [http-nio-8080-exec-3] o.h.type.descriptor.sql.BasicBinder      : binding parameter [1] as [VARCHAR] - [Mele]
2021-03-03 17:12:00.940 DEBUG 15916 --- [http-nio-8080-exec-3] org.hibernate.SQL                        : insert into prodotto (nome) values (?)
2021-03-03 17:12:00.941 TRACE 15916 --- [http-nio-8080-exec-3] o.h.type.descriptor.sql.BasicBinder      : binding parameter [1] as [VARCHAR] - [Mele]
2021-03-03 17:12:00.963 DEBUG 15916 --- [http-nio-8080-exec-3] org.hibernate.SQL                        : select prodotto0_.nome as nome1_1_ from prodotto prodotto0_
2021-03-03 17:13:02.807 DEBUG 15916 --- [http-nio-8080-exec-5] org.hibernate.SQL                        : select prodotto0_.nome as nome1_1_0_ from prodotto prodotto0_ where prodotto0_.nome=?
2021-03-03 17:13:02.808 TRACE 15916 --- [http-nio-8080-exec-5] o.h.type.descriptor.sql.BasicBinder      : binding parameter [1] as [VARCHAR] - [Pere]
2021-03-03 17:13:02.813 DEBUG 15916 --- [http-nio-8080-exec-5] org.hibernate.SQL                        : insert into prodotto (nome) values (?)
2021-03-03 17:13:02.816 TRACE 15916 --- [http-nio-8080-exec-5] o.h.type.descriptor.sql.BasicBinder      : binding parameter [1] as [VARCHAR] - [Pere]
2021-03-03 17:13:02.829 DEBUG 15916 --- [http-nio-8080-exec-5] org.hibernate.SQL                        : select prodotto0_.nome as nome1_1_ from prodotto prodotto0_
2021-03-03 17:13:43.940 DEBUG 15916 --- [http-nio-8080-exec-7] org.hibernate.SQL                        : delete from prodotto
2021-03-03 17:13:43.970 DEBUG 15916 --- [http-nio-8080-exec-7] org.hibernate.SQL                        : select prodotto0_.nome as nome1_1_ from prodotto prodotto0_
2021-03-03 17:14:58.903 DEBUG 15916 --- [http-nio-8080-exec-9] org.hibernate.SQL                        : delete from prodotto
2021-03-03 17:14:58.909 DEBUG 15916 --- [http-nio-8080-exec-9] org.hibernate.SQL                        : select prodotto0_.nome as nome1_1_ from prodotto prodotto0_
2021-03-03 17:16:10.872 DEBUG 15916 --- [http-nio-8080-exec-2] org.hibernate.SQL                        : select prodotto0_.nome as nome1_1_ from prodotto prodotto0_
2021-03-03 17:16:12.323 DEBUG 15916 --- [http-nio-8080-exec-3] org.hibernate.SQL                        : select prodotto0_.nome as nome1_1_ from prodotto prodotto0_
2021-03-03 17:19:52.594 DEBUG 15916 --- [http-nio-8080-exec-5] org.hibernate.SQL                        : select prodotto0_.nome as nome1_1_ from prodotto prodotto0_
2021-03-03 17:23:36.284 DEBUG 15916 --- [http-nio-8080-exec-7] org.hibernate.SQL                        : select prodotto0_.nome as nome1_1_ from prodotto prodotto0_
2021-03-03 17:23:49.007 DEBUG 15916 --- [http-nio-8080-exec-8] org.hibernate.SQL                        : select prodotto0_.nome as nome1_1_ from prodotto prodotto0_
2021-03-03 17:23:53.258 DEBUG 15916 --- [http-nio-8080-exec-9] org.hibernate.SQL                        : select prodotto0_.nome as nome1_1_ from prodotto prodotto0_
2021-03-03 17:24:31.582 DEBUG 15916 --- [http-nio-8080-exec-10] org.hibernate.SQL                        : select prodotto0_.nome as nome1_1_ from prodotto prodotto0_
2021-03-03 17:24:36.978 DEBUG 15916 --- [http-nio-8080-exec-1] org.hibernate.SQL                        : select prodotto0_.nome as nome1_1_ from prodotto prodotto0_
2021-03-03 17:28:19.342 DEBUG 15916 --- [http-nio-8080-exec-3] org.hibernate.SQL                        : select prodotto0_.nome as nome1_1_ from prodotto prodotto0_
2021-03-03 17:28:35.711 DEBUG 15916 --- [http-nio-8080-exec-4] org.hibernate.SQL                        : select prodotto0_.nome as nome1_1_ from prodotto prodotto0_
2021-03-03 19:17:48.868  WARN 17768 --- [main] JpaBaseConfiguration$JpaWebConfiguration : spring.jpa.open-in-view is enabled by default. Therefore, database queries may be performed during view rendering. Explicitly configure spring.jpa.open-in-view to disable this warning
2021-03-03 19:17:50.534 DEBUG 17768 --- [http-nio-8080-exec-1] org.hibernate.SQL                        : select prodotto0_.nome as nome1_1_ from prodotto prodotto0_
2021-03-03 19:18:08.740 DEBUG 17768 --- [http-nio-8080-exec-2] org.hibernate.SQL                        : select prodotto0_.nome as nome1_1_ from prodotto prodotto0_
2021-03-03 19:18:12.255 DEBUG 17768 --- [http-nio-8080-exec-4] org.hibernate.SQL                        : select prodotto0_.nome as nome1_1_0_ from prodotto prodotto0_ where prodotto0_.nome=?
2021-03-03 19:18:12.262 TRACE 17768 --- [http-nio-8080-exec-4] o.h.type.descriptor.sql.BasicBinder      : binding parameter [1] as [VARCHAR] - [mele]
2021-03-03 19:18:12.289 DEBUG 17768 --- [http-nio-8080-exec-4] org.hibernate.SQL                        : insert into prodotto (nome) values (?)
2021-03-03 19:18:12.291 TRACE 17768 --- [http-nio-8080-exec-4] o.h.type.descriptor.sql.BasicBinder      : binding parameter [1] as [VARCHAR] - [mele]
2021-03-03 19:18:12.317 DEBUG 17768 --- [http-nio-8080-exec-4] org.hibernate.SQL                        : select prodotto0_.nome as nome1_1_ from prodotto prodotto0_
2021-03-03 19:18:15.911 DEBUG 17768 --- [http-nio-8080-exec-5] org.hibernate.SQL                        : select prodotto0_.nome as nome1_1_0_ from prodotto prodotto0_ where prodotto0_.nome=?
2021-03-03 19:18:15.912 TRACE 17768 --- [http-nio-8080-exec-5] o.h.type.descriptor.sql.BasicBinder      : binding parameter [1] as [VARCHAR] - [pere]
2021-03-03 19:18:15.917 DEBUG 17768 --- [http-nio-8080-exec-5] org.hibernate.SQL                        : insert into prodotto (nome) values (?)
2021-03-03 19:18:15.918 TRACE 17768 --- [http-nio-8080-exec-5] o.h.type.descriptor.sql.BasicBinder      : binding parameter [1] as [VARCHAR] - [pere]
2021-03-03 19:18:15.930 DEBUG 17768 --- [http-nio-8080-exec-5] org.hibernate.SQL                        : select prodotto0_.nome as nome1_1_ from prodotto prodotto0_
2021-03-03 19:18:20.071 DEBUG 17768 --- [http-nio-8080-exec-6] org.hibernate.SQL                        : select prodotto0_.nome as nome1_1_0_ from prodotto prodotto0_ where prodotto0_.nome=?
2021-03-03 19:18:20.074 TRACE 17768 --- [http-nio-8080-exec-6] o.h.type.descriptor.sql.BasicBinder      : binding parameter [1] as [VARCHAR] - [benane]
2021-03-03 19:18:20.079 DEBUG 17768 --- [http-nio-8080-exec-6] org.hibernate.SQL                        : insert into prodotto (nome) values (?)
2021-03-03 19:18:20.081 TRACE 17768 --- [http-nio-8080-exec-6] o.h.type.descriptor.sql.BasicBinder      : binding parameter [1] as [VARCHAR] - [benane]
2021-03-03 19:18:20.091 DEBUG 17768 --- [http-nio-8080-exec-6] org.hibernate.SQL                        : select prodotto0_.nome as nome1_1_ from prodotto prodotto0_
2021-03-03 19:18:38.931 DEBUG 17768 --- [http-nio-8080-exec-8] org.hibernate.SQL                        : select prodotto0_.nome as nome1_1_ from prodotto prodotto0_
2021-03-03 19:18:42.327 DEBUG 17768 --- [http-nio-8080-exec-10] org.hibernate.SQL                        : select prodotto0_.nome as nome1_1_ from prodotto prodotto0_
2021-03-03 19:18:48.706 DEBUG 17768 --- [http-nio-8080-exec-1] org.hibernate.SQL                        : delete from prodotto
2021-03-03 19:18:48.721 DEBUG 17768 --- [http-nio-8080-exec-1] org.hibernate.SQL                        : select prodotto0_.nome as nome1_1_ from prodotto prodotto0_
2021-03-03 19:28:57.752 DEBUG 17768 --- [http-nio-8080-exec-4] org.hibernate.SQL                        : select prodotto0_.nome as nome1_1_0_ from prodotto prodotto0_ where prodotto0_.nome=?
2021-03-03 19:28:57.753 TRACE 17768 --- [http-nio-8080-exec-4] o.h.type.descriptor.sql.BasicBinder      : binding parameter [1] as [VARCHAR] - [mele]
2021-03-03 19:28:57.758 DEBUG 17768 --- [http-nio-8080-exec-4] org.hibernate.SQL                        : insert into prodotto (nome) values (?)
2021-03-03 19:28:57.759 TRACE 17768 --- [http-nio-8080-exec-4] o.h.type.descriptor.sql.BasicBinder      : binding parameter [1] as [VARCHAR] - [mele]
2021-03-03 19:28:57.781 DEBUG 17768 --- [http-nio-8080-exec-4] org.hibernate.SQL                        : select prodotto0_.nome as nome1_1_ from prodotto prodotto0_
2021-03-03 19:29:02.401 DEBUG 17768 --- [http-nio-8080-exec-5] org.hibernate.SQL                        : select prodotto0_.nome as nome1_1_0_ from prodotto prodotto0_ where prodotto0_.nome=?
2021-03-03 19:29:02.402 TRACE 17768 --- [http-nio-8080-exec-5] o.h.type.descriptor.sql.BasicBinder      : binding parameter [1] as [VARCHAR] - [mele]
2021-03-03 19:29:02.411 DEBUG 17768 --- [http-nio-8080-exec-5] org.hibernate.SQL                        : select prodotto0_.nome as nome1_1_ from prodotto prodotto0_
2021-03-03 19:29:05.807 DEBUG 17768 --- [http-nio-8080-exec-6] org.hibernate.SQL                        : select prodotto0_.nome as nome1_1_0_ from prodotto prodotto0_ where prodotto0_.nome=?
2021-03-03 19:29:05.809 TRACE 17768 --- [http-nio-8080-exec-6] o.h.type.descriptor.sql.BasicBinder      : binding parameter [1] as [VARCHAR] - [mele]
2021-03-03 19:29:05.815 DEBUG 17768 --- [http-nio-8080-exec-6] org.hibernate.SQL                        : select prodotto0_.nome as nome1_1_ from prodotto prodotto0_
2021-03-03 19:29:09.630 DEBUG 17768 --- [http-nio-8080-exec-7] org.hibernate.SQL                        : select prodotto0_.nome as nome1_1_0_ from prodotto prodotto0_ where prodotto0_.nome=?
2021-03-03 19:29:09.632 TRACE 17768 --- [http-nio-8080-exec-7] o.h.type.descriptor.sql.BasicBinder      : binding parameter [1] as [VARCHAR] - [pere]
2021-03-03 19:29:09.634 DEBUG 17768 --- [http-nio-8080-exec-7] org.hibernate.SQL                        : insert into prodotto (nome) values (?)
2021-03-03 19:29:09.636 TRACE 17768 --- [http-nio-8080-exec-7] o.h.type.descriptor.sql.BasicBinder      : binding parameter [1] as [VARCHAR] - [pere]
2021-03-03 19:29:09.647 DEBUG 17768 --- [http-nio-8080-exec-7] org.hibernate.SQL                        : select prodotto0_.nome as nome1_1_ from prodotto prodotto0_
2021-03-03 19:29:14.052 DEBUG 17768 --- [http-nio-8080-exec-8] org.hibernate.SQL                        : select prodotto0_.nome as nome1_1_0_ from prodotto prodotto0_ where prodotto0_.nome=?
2021-03-03 19:29:14.054 TRACE 17768 --- [http-nio-8080-exec-8] o.h.type.descriptor.sql.BasicBinder      : binding parameter [1] as [VARCHAR] - [mele ]
2021-03-03 19:29:14.058 DEBUG 17768 --- [http-nio-8080-exec-8] org.hibernate.SQL                        : insert into prodotto (nome) values (?)
2021-03-03 19:29:14.060 TRACE 17768 --- [http-nio-8080-exec-8] o.h.type.descriptor.sql.BasicBinder      : binding parameter [1] as [VARCHAR] - [mele ]
2021-03-03 19:29:14.071 DEBUG 17768 --- [http-nio-8080-exec-8] org.hibernate.SQL                        : select prodotto0_.nome as nome1_1_ from prodotto prodotto0_
2021-03-03 19:29:19.823 DEBUG 17768 --- [http-nio-8080-exec-9] org.hibernate.SQL                        : select prodotto0_.nome as nome1_1_0_ from prodotto prodotto0_ where prodotto0_.nome=?
2021-03-03 19:29:19.825 TRACE 17768 --- [http-nio-8080-exec-9] o.h.type.descriptor.sql.BasicBinder      : binding parameter [1] as [VARCHAR] - [pere]
2021-03-03 19:29:19.830 DEBUG 17768 --- [http-nio-8080-exec-9] org.hibernate.SQL                        : select prodotto0_.nome as nome1_1_ from prodotto prodotto0_
2021-03-03 19:29:22.963 DEBUG 17768 --- [http-nio-8080-exec-10] org.hibernate.SQL                        : select prodotto0_.nome as nome1_1_0_ from prodotto prodotto0_ where prodotto0_.nome=?
2021-03-03 19:29:22.965 TRACE 17768 --- [http-nio-8080-exec-10] o.h.type.descriptor.sql.BasicBinder      : binding parameter [1] as [VARCHAR] - [mele]
2021-03-03 19:29:22.973 DEBUG 17768 --- [http-nio-8080-exec-10] org.hibernate.SQL                        : select prodotto0_.nome as nome1_1_ from prodotto prodotto0_
2021-03-03 19:29:27.098 DEBUG 17768 --- [http-nio-8080-exec-1] org.hibernate.SQL                        : select prodotto0_.nome as nome1_1_ from prodotto prodotto0_
2021-03-03 19:29:31.478 DEBUG 17768 --- [http-nio-8080-exec-2] org.hibernate.SQL                        : select prodotto0_.nome as nome1_1_0_ from prodotto prodotto0_ where prodotto0_.nome=?
2021-03-03 19:29:31.479 TRACE 17768 --- [http-nio-8080-exec-2] o.h.type.descriptor.sql.BasicBinder      : binding parameter [1] as [VARCHAR] - [mele]
2021-03-03 19:29:31.484 DEBUG 17768 --- [http-nio-8080-exec-2] org.hibernate.SQL                        : select prodotto0_.nome as nome1_1_ from prodotto prodotto0_
2021-03-03 19:29:32.191 DEBUG 17768 --- [http-nio-8080-exec-3] org.hibernate.SQL                        : delete from prodotto
2021-03-03 19:29:32.203 DEBUG 17768 --- [http-nio-8080-exec-3] org.hibernate.SQL                        : select prodotto0_.nome as nome1_1_ from prodotto prodotto0_
2021-03-03 19:29:35.536 DEBUG 17768 --- [http-nio-8080-exec-4] org.hibernate.SQL                        : select prodotto0_.nome as nome1_1_0_ from prodotto prodotto0_ where prodotto0_.nome=?
2021-03-03 19:29:35.537 TRACE 17768 --- [http-nio-8080-exec-4] o.h.type.descriptor.sql.BasicBinder      : binding parameter [1] as [VARCHAR] - [mele]
2021-03-03 19:29:35.540 DEBUG 17768 --- [http-nio-8080-exec-4] org.hibernate.SQL                        : insert into prodotto (nome) values (?)
2021-03-03 19:29:35.541 TRACE 17768 --- [http-nio-8080-exec-4] o.h.type.descriptor.sql.BasicBinder      : binding parameter [1] as [VARCHAR] - [mele]
2021-03-03 19:29:35.552 DEBUG 17768 --- [http-nio-8080-exec-4] org.hibernate.SQL                        : select prodotto0_.nome as nome1_1_ from prodotto prodotto0_
2021-03-03 19:29:38.924 DEBUG 17768 --- [http-nio-8080-exec-5] org.hibernate.SQL                        : select prodotto0_.nome as nome1_1_0_ from prodotto prodotto0_ where prodotto0_.nome=?
2021-03-03 19:29:38.925 TRACE 17768 --- [http-nio-8080-exec-5] o.h.type.descriptor.sql.BasicBinder      : binding parameter [1] as [VARCHAR] - [pere]
2021-03-03 19:29:38.927 DEBUG 17768 --- [http-nio-8080-exec-5] org.hibernate.SQL                        : insert into prodotto (nome) values (?)
2021-03-03 19:29:38.929 TRACE 17768 --- [http-nio-8080-exec-5] o.h.type.descriptor.sql.BasicBinder      : binding parameter [1] as [VARCHAR] - [pere]
2021-03-03 19:29:38.940 DEBUG 17768 --- [http-nio-8080-exec-5] org.hibernate.SQL                        : select prodotto0_.nome as nome1_1_ from prodotto prodotto0_
2021-03-03 19:29:42.038 DEBUG 17768 --- [http-nio-8080-exec-6] org.hibernate.SQL                        : select prodotto0_.nome as nome1_1_0_ from prodotto prodotto0_ where prodotto0_.nome=?
2021-03-03 19:29:42.039 TRACE 17768 --- [http-nio-8080-exec-6] o.h.type.descriptor.sql.BasicBinder      : binding parameter [1] as [VARCHAR] - [mele]
2021-03-03 19:29:42.043 DEBUG 17768 --- [http-nio-8080-exec-6] org.hibernate.SQL                        : select prodotto0_.nome as nome1_1_ from prodotto prodotto0_
2021-03-03 19:29:45.557 DEBUG 17768 --- [http-nio-8080-exec-7] org.hibernate.SQL                        : select prodotto0_.nome as nome1_1_0_ from prodotto prodotto0_ where prodotto0_.nome=?
2021-03-03 19:29:45.558 TRACE 17768 --- [http-nio-8080-exec-7] o.h.type.descriptor.sql.BasicBinder      : binding parameter [1] as [VARCHAR] - [pere]
2021-03-03 19:29:45.566 DEBUG 17768 --- [http-nio-8080-exec-7] org.hibernate.SQL                        : select prodotto0_.nome as nome1_1_ from prodotto prodotto0_
